https://suveng.github.io/blog/
https://suveng.github.io/blog
https://suveng.github.io/blog/archive.html
https://suveng.github.io/blog/tag.html
https://suveng.github.io/blog/about.me.html
https://suveng.github.io/blog/atom.xml
https://suveng.github.io/blog/tag/shell系列/index.html
https://suveng.github.io/blog/20190120/suveng.html
https://suveng.github.io/blog/20190201/suveng.html
https://suveng.github.io/blog/tag/MySQL技巧系列/index.html
https://suveng.github.io/blog/20190208/suveng.html
https://suveng.github.io/blog/20190209/suveng.html
https://suveng.github.io/blog/tag/数学基础系列/index.html
https://suveng.github.io/blog/20190210/suveng.html
https://suveng.github.io/blog/tag/算法/index.html
https://suveng.github.io/blog/20171201/suveng.html
https://suveng.github.io/blog/20180204/suveng.html
https://suveng.github.io/blog/tag/Java技巧系列/index.html
https://suveng.github.io/blog/20180208/suveng.html
https://suveng.github.io/blog/20190207/suveng.html
https://suveng.github.io/blog/20190206/suveng.html
https://suveng.github.io/blog/20190205/suveng.html
https://suveng.github.io/blog/20190204/suveng.html
https://suveng.github.io/blog/20190203/suveng.html
https://suveng.github.io/blog/20190202/suveng.html
https://suveng.github.io/blog/20190116/suveng.html
https://suveng.github.io/blog/20190112/suveng.html
https://suveng.github.io/blog/20190109/suveng.html
https://suveng.github.io/blog/20190108/suveng.html
https://suveng.github.io/blog/20190107/suveng.html
https://suveng.github.io/blog/tag/效率/index.html
https://suveng.github.io/blog/20190225/suveng.html
https://suveng.github.io/blog/20181226/suveng.html
https://suveng.github.io/blog/20181229/suveng.html
https://suveng.github.io/blog/tag/MyBatis/index.html
https://suveng.github.io/blog/20190227/suveng.html
https://suveng.github.io/blog/20181219/suveng.html
https://suveng.github.io/blog/20181221/suveng.html
https://suveng.github.io/blog/20181218/suveng.html
https://suveng.github.io/blog/tag/前端/index.html
